Analysis & Synthesis report for integer_divider
Sat May 10 19:48:42 2025
Quartus II 64-Bit Version 13.0.1 Build 232 06/12/2013 Service Pack 1 SJ Web Edition


---------------------
; Table of Contents ;
---------------------
  1. Legal Notice
  2. Analysis & Synthesis Summary
  3. Analysis & Synthesis Settings
  4. Parallel Compilation
  5. Analysis & Synthesis Source Files Read
  6. Analysis & Synthesis Resource Usage Summary
  7. Analysis & Synthesis Resource Utilization by Entity
  8. State Machine - |integer_divider|y
  9. User-Specified and Inferred Latches
 10. General Register Statistics
 11. Parameter Settings for User Entity Instance: Top-level Entity: |integer_divider
 12. Parameter Settings for User Entity Instance: regn:RegA
 13. Parameter Settings for User Entity Instance: regn:RegB
 14. Parameter Settings for User Entity Instance: regn:RegR
 15. Parameter Settings for User Entity Instance: regn:RegQ
 16. Parameter Settings for User Entity Instance: is_zero:IsZero
 17. Parameter Settings for User Entity Instance: inverter:NotB
 18. Parameter Settings for User Entity Instance: adder:Subtractor
 19. Parameter Settings for User Entity Instance: adder:Subtractor|full_adder:\FA_array:0:FA
 20. Parameter Settings for User Entity Instance: adder:Subtractor|full_adder:\FA_array:1:FA
 21. Parameter Settings for User Entity Instance: adder:Subtractor|full_adder:\FA_array:2:FA
 22. Parameter Settings for User Entity Instance: adder:Subtractor|full_adder:\FA_array:3:FA
 23. Parameter Settings for User Entity Instance: adder:QAdder
 24. Parameter Settings for User Entity Instance: adder:QAdder|full_adder:\FA_array:0:FA
 25. Parameter Settings for User Entity Instance: adder:QAdder|full_adder:\FA_array:1:FA
 26. Parameter Settings for User Entity Instance: adder:QAdder|full_adder:\FA_array:2:FA
 27. Parameter Settings for User Entity Instance: adder:QAdder|full_adder:\FA_array:3:FA
 28. Parameter Settings for User Entity Instance: mux:RMux
 29. Parameter Settings for User Entity Instance: mux:QMux
 30. Port Connectivity Checks: "mux:QMux"
 31. Port Connectivity Checks: "adder:QAdder"
 32. Port Connectivity Checks: "adder:Subtractor"
 33. Port Connectivity Checks: "regn:RegB"
 34. Port Connectivity Checks: "regn:RegA"
 35. Elapsed Time Per Partition
 36. Analysis & Synthesis Equations
 37. Analysis & Synthesis Messages



----------------
; Legal Notice ;
----------------
Copyright (C) 1991-2013 Altera Corporation
Your use of Altera Corporation's design tools, logic functions 
and other software and tools, and its AMPP partner logic 
functions, and any output files from any of the foregoing 
(including device programming or simulation files), and any 
associated documentation or information are expressly subject 
to the terms and conditions of the Altera Program License 
Subscription Agreement, Altera MegaCore Function License 
Agreement, or other applicable license agreement, including, 
without limitation, that your use is for the sole purpose of 
programming logic devices manufactured by Altera and sold by 
Altera or its authorized distributors.  Please refer to the 
applicable agreement for further details.



+--------------------------------------------------------------------------------------+
; Analysis & Synthesis Summary                                                         ;
+------------------------------------+-------------------------------------------------+
; Analysis & Synthesis Status        ; Successful - Sat May 10 19:48:42 2025           ;
; Quartus II 64-Bit Version          ; 13.0.1 Build 232 06/12/2013 SP 1 SJ Web Edition ;
; Revision Name                      ; integer_divider                                 ;
; Top-level Entity Name              ; integer_divider                                 ;
; Family                             ; Cyclone IV GX                                   ;
; Total logic elements               ; 35                                              ;
;     Total combinational functions  ; 27                                              ;
;     Dedicated logic registers      ; 19                                              ;
; Total registers                    ; 19                                              ;
; Total pins                         ; 21                                              ;
; Total virtual pins                 ; 0                                               ;
; Total memory bits                  ; 0                                               ;
; Embedded Multiplier 9-bit elements ; 0                                               ;
; Total GXB Receiver Channel PCS     ; 0                                               ;
; Total GXB Receiver Channel PMA     ; 0                                               ;
; Total GXB Transmitter Channel PCS  ; 0                                               ;
; Total GXB Transmitter Channel PMA  ; 0                                               ;
; Total PLLs                         ; 0                                               ;
+------------------------------------+-------------------------------------------------+


+----------------------------------------------------------------------------------------------------------------------+
; Analysis & Synthesis Settings                                                                                        ;
+----------------------------------------------------------------------------+--------------------+--------------------+
; Option                                                                     ; Setting            ; Default Value      ;
+----------------------------------------------------------------------------+--------------------+--------------------+
; Top-level entity name                                                      ; integer_divider    ; integer_divider    ;
; Family name                                                                ; Cyclone IV GX      ; Cyclone IV GX      ;
; Use smart compilation                                                      ; Off                ; Off                ;
; Enable parallel Assembler and TimeQuest Timing Analyzer during compilation ; On                 ; On                 ;
; Enable compact report table                                                ; Off                ; Off                ;
; Restructure Multiplexers                                                   ; Auto               ; Auto               ;
; Create Debugging Nodes for IP Cores                                        ; Off                ; Off                ;
; Preserve fewer node names                                                  ; On                 ; On                 ;
; Disable OpenCore Plus hardware evaluation                                  ; Off                ; Off                ;
; Verilog Version                                                            ; Verilog_2001       ; Verilog_2001       ;
; VHDL Version                                                               ; VHDL_1993          ; VHDL_1993          ;
; State Machine Processing                                                   ; Auto               ; Auto               ;
; Safe State Machine                                                         ; Off                ; Off                ;
; Extract Verilog State Machines                                             ; On                 ; On                 ;
; Extract VHDL State Machines                                                ; On                 ; On                 ;
; Ignore Verilog initial constructs                                          ; Off                ; Off                ;
; Iteration limit for constant Verilog loops                                 ; 5000               ; 5000               ;
; Iteration limit for non-constant Verilog loops                             ; 250                ; 250                ;
; Add Pass-Through Logic to Inferred RAMs                                    ; On                 ; On                 ;
; Infer RAMs from Raw Logic                                                  ; On                 ; On                 ;
; Parallel Synthesis                                                         ; On                 ; On                 ;
; DSP Block Balancing                                                        ; Auto               ; Auto               ;
; NOT Gate Push-Back                                                         ; On                 ; On                 ;
; Power-Up Don't Care                                                        ; On                 ; On                 ;
; Remove Redundant Logic Cells                                               ; Off                ; Off                ;
; Remove Duplicate Registers                                                 ; On                 ; On                 ;
; Ignore CARRY Buffers                                                       ; Off                ; Off                ;
; Ignore CASCADE Buffers                                                     ; Off                ; Off                ;
; Ignore GLOBAL Buffers                                                      ; Off                ; Off                ;
; Ignore ROW GLOBAL Buffers                                                  ; Off                ; Off                ;
; Ignore LCELL Buffers                                                       ; Off                ; Off                ;
; Ignore SOFT Buffers                                                        ; On                 ; On                 ;
; Limit AHDL Integers to 32 Bits                                             ; Off                ; Off                ;
; Optimization Technique                                                     ; Balanced           ; Balanced           ;
; Carry Chain Length                                                         ; 70                 ; 70                 ;
; Auto Carry Chains                                                          ; On                 ; On                 ;
; Auto Open-Drain Pins                                                       ; On                 ; On                 ;
; Perform WYSIWYG Primitive Resynthesis                                      ; Off                ; Off                ;
; Auto ROM Replacement                                                       ; On                 ; On                 ;
; Auto RAM Replacement                                                       ; On                 ; On                 ;
; Auto DSP Block Replacement                                                 ; On                 ; On                 ;
; Auto Shift Register Replacement                                            ; Auto               ; Auto               ;
; Allow Shift Register Merging across Hierarchies                            ; Auto               ; Auto               ;
; Auto Clock Enable Replacement                                              ; On                 ; On                 ;
; Strict RAM Replacement                                                     ; Off                ; Off                ;
; Allow Synchronous Control Signals                                          ; On                 ; On                 ;
; Force Use of Synchronous Clear Signals                                     ; Off                ; Off                ;
; Auto RAM Block Balancing                                                   ; On                 ; On                 ;
; Auto RAM to Logic Cell Conversion                                          ; Off                ; Off                ;
; Auto Resource Sharing                                                      ; Off                ; Off                ;
; Allow Any RAM Size For Recognition                                         ; Off                ; Off                ;
; Allow Any ROM Size For Recognition                                         ; Off                ; Off                ;
; Allow Any Shift Register Size For Recognition                              ; Off                ; Off                ;
; Use LogicLock Constraints during Resource Balancing                        ; On                 ; On                 ;
; Ignore translate_off and synthesis_off directives                          ; Off                ; Off                ;
; Timing-Driven Synthesis                                                    ; On                 ; On                 ;
; Report Parameter Settings                                                  ; On                 ; On                 ;
; Report Source Assignments                                                  ; On                 ; On                 ;
; Report Connectivity Checks                                                 ; On                 ; On                 ;
; Ignore Maximum Fan-Out Assignments                                         ; Off                ; Off                ;
; Synchronization Register Chain Length                                      ; 2                  ; 2                  ;
; PowerPlay Power Optimization                                               ; Normal compilation ; Normal compilation ;
; HDL message level                                                          ; Level2             ; Level2             ;
; Suppress Register Optimization Related Messages                            ; Off                ; Off                ;
; Number of Removed Registers Reported in Synthesis Report                   ; 5000               ; 5000               ;
; Number of Swept Nodes Reported in Synthesis Report                         ; 5000               ; 5000               ;
; Number of Inverted Registers Reported in Synthesis Report                  ; 100                ; 100                ;
; Clock MUX Protection                                                       ; On                 ; On                 ;
; Auto Gated Clock Conversion                                                ; Off                ; Off                ;
; Block Design Naming                                                        ; Auto               ; Auto               ;
; SDC constraint protection                                                  ; Off                ; Off                ;
; Synthesis Effort                                                           ; Auto               ; Auto               ;
; Shift Register Replacement - Allow Asynchronous Clear Signal               ; On                 ; On                 ;
; Pre-Mapping Resynthesis Optimization                                       ; Off                ; Off                ;
; Analysis & Synthesis Message Level                                         ; Medium             ; Medium             ;
; Disable Register Merging Across Hierarchies                                ; Auto               ; Auto               ;
; Resource Aware Inference For Block RAM                                     ; On                 ; On                 ;
; Synthesis Seed                                                             ; 1                  ; 1                  ;
+----------------------------------------------------------------------------+--------------------+--------------------+


Parallel compilation was disabled, but you have multiple processors available. Enable parallel compilation to reduce compilation time.
+-------------------------------------+
; Parallel Compilation                ;
+----------------------------+--------+
; Processors                 ; Number ;
+----------------------------+--------+
; Number detected on machine ; 20     ;
; Maximum allowed            ; 1      ;
+----------------------------+--------+


+----------------------------------------------------------------------------------------------------------------------------------------------+
; Analysis & Synthesis Source Files Read                                                                                                       ;
+----------------------------------+-----------------+-----------------+-------------------------------------------------------------+---------+
; File Name with User-Entered Path ; Used in Netlist ; File Type       ; File Name with Absolute Path                                ; Library ;
+----------------------------------+-----------------+-----------------+-------------------------------------------------------------+---------+
; project_components.vhd           ; yes             ; User VHDL File  ; C:/altera/13.0sp1/integer_divider/project_components.vhd    ;         ;
; integer_divider.vhd              ; yes             ; User VHDL File  ; C:/altera/13.0sp1/integer_divider/integer_divider.vhd       ;         ;
; components/adder.vhd             ; yes             ; User VHDL File  ; C:/altera/13.0sp1/integer_divider/components/adder.vhd      ;         ;
; components/inverter.vhd          ; yes             ; User VHDL File  ; C:/altera/13.0sp1/integer_divider/components/inverter.vhd   ;         ;
; components/is_zero.vhd           ; yes             ; User VHDL File  ; C:/altera/13.0sp1/integer_divider/components/is_zero.vhd    ;         ;
; components/mux.vhd               ; yes             ; User VHDL File  ; C:/altera/13.0sp1/integer_divider/components/mux.vhd        ;         ;
; components/register.vhd          ; yes             ; User VHDL File  ; C:/altera/13.0sp1/integer_divider/components/register.vhd   ;         ;
; components/full_adder.vhd        ; yes             ; User VHDL File  ; C:/altera/13.0sp1/integer_divider/components/full_adder.vhd ;         ;
+----------------------------------+-----------------+-----------------+-------------------------------------------------------------+---------+


+---------------------------------------------+
; Analysis & Synthesis Resource Usage Summary ;
+--------------------------+------------------+
; Resource                 ; Usage            ;
+--------------------------+------------------+
; I/O pins                 ; 21               ;
; DSP block 9-bit elements ; 0                ;
; Maximum fan-out node     ; Resetn~input     ;
; Maximum fan-out          ; 21               ;
; Total fan-out            ; 185              ;
; Average fan-out          ; 2.10             ;
+--------------------------+------------------+


+----------------------------------------------------------------------------------------------------------------------------------------------------------------------------------------------------------------------------------------+
; Analysis & Synthesis Resource Utilization by Entity                                                                                                                                                                                    ;
+-----------------------------------+-------------------+--------------+-------------+--------------+---------+-----------+-----------+------+--------------+-------------------------------------------------------------+--------------+
; Compilation Hierarchy Node        ; LC Combinationals ; LC Registers ; Memory Bits ; DSP Elements ; DSP 9x9 ; DSP 18x18 ; DSP 36x36 ; Pins ; Virtual Pins ; Full Hierarchy Name                                         ; Library Name ;
+-----------------------------------+-------------------+--------------+-------------+--------------+---------+-----------+-----------+------+--------------+-------------------------------------------------------------+--------------+
; |integer_divider                  ; 27 (12)           ; 19 (3)       ; 0           ; 0            ; 0       ; 0         ; 0         ; 21   ; 0            ; |integer_divider                                            ; work         ;
;    |adder:QAdder|                 ; 1 (0)             ; 0 (0)        ; 0           ; 0            ; 0       ; 0         ; 0         ; 0    ; 0            ; |integer_divider|adder:QAdder                               ; work         ;
;       |full_adder:\FA_array:3:FA| ; 1 (1)             ; 0 (0)        ; 0           ; 0            ; 0       ; 0         ; 0         ; 0    ; 0            ; |integer_divider|adder:QAdder|full_adder:\FA_array:3:FA     ; work         ;
;    |adder:Subtractor|             ; 1 (0)             ; 0 (0)        ; 0           ; 0            ; 0       ; 0         ; 0         ; 0    ; 0            ; |integer_divider|adder:Subtractor                           ; work         ;
;       |full_adder:\FA_array:2:FA| ; 1 (1)             ; 0 (0)        ; 0           ; 0            ; 0       ; 0         ; 0         ; 0    ; 0            ; |integer_divider|adder:Subtractor|full_adder:\FA_array:2:FA ; work         ;
;    |is_zero:IsZero|               ; 1 (1)             ; 0 (0)        ; 0           ; 0            ; 0       ; 0         ; 0         ; 0    ; 0            ; |integer_divider|is_zero:IsZero                             ; work         ;
;    |mux:QMux|                     ; 4 (4)             ; 0 (0)        ; 0           ; 0            ; 0       ; 0         ; 0         ; 0    ; 0            ; |integer_divider|mux:QMux                                   ; work         ;
;    |mux:RMux|                     ; 8 (8)             ; 0 (0)        ; 0           ; 0            ; 0       ; 0         ; 0         ; 0    ; 0            ; |integer_divider|mux:RMux                                   ; work         ;
;    |regn:RegA|                    ; 0 (0)             ; 4 (4)        ; 0           ; 0            ; 0       ; 0         ; 0         ; 0    ; 0            ; |integer_divider|regn:RegA                                  ; work         ;
;    |regn:RegB|                    ; 0 (0)             ; 4 (4)        ; 0           ; 0            ; 0       ; 0         ; 0         ; 0    ; 0            ; |integer_divider|regn:RegB                                  ; work         ;
;    |regn:RegQ|                    ; 0 (0)             ; 4 (4)        ; 0           ; 0            ; 0       ; 0         ; 0         ; 0    ; 0            ; |integer_divider|regn:RegQ                                  ; work         ;
;    |regn:RegR|                    ; 0 (0)             ; 4 (4)        ; 0           ; 0            ; 0       ; 0         ; 0         ; 0    ; 0            ; |integer_divider|regn:RegR                                  ; work         ;
+-----------------------------------+-------------------+--------------+-------------+--------------+---------+-----------+-----------+------+--------------+-------------------------------------------------------------+--------------+
Note: For table entries with two numbers listed, the numbers in parentheses indicate the number of resources of the given type used by the specific entity alone. The numbers listed outside of parentheses indicate the total resources of the given type used by the specific entity and all of its sub-entities in the hierarchy.


Encoding Type:  One-Hot
+------------------------------------+
; State Machine - |integer_divider|y ;
+------+------+------+---------------+
; Name ; y.S2 ; y.S1 ; y.S0          ;
+------+------+------+---------------+
; y.S0 ; 0    ; 0    ; 0             ;
; y.S1 ; 0    ; 1    ; 1             ;
; y.S2 ; 1    ; 0    ; 1             ;
+------+------+------+---------------+


+---------------------------------------------------------------------------------------------------+
; User-Specified and Inferred Latches                                                               ;
+----------------------------------------------------+---------------------+------------------------+
; Latch Name                                         ; Latch Enable Signal ; Free of Timing Hazards ;
+----------------------------------------------------+---------------------+------------------------+
; Err$latch                                          ; y.S0                ; yes                    ;
; ER                                                 ; Selector5           ; yes                    ;
; EQ                                                 ; Selector5           ; yes                    ;
; Number of user-specified and inferred latches = 3  ;                     ;                        ;
+----------------------------------------------------+---------------------+------------------------+
Note: All latches listed above may not be present at the end of synthesis due to various synthesis optimizations.


+------------------------------------------------------+
; General Register Statistics                          ;
+----------------------------------------------+-------+
; Statistic                                    ; Value ;
+----------------------------------------------+-------+
; Total registers                              ; 19    ;
; Number of registers using Synchronous Clear  ; 0     ;
; Number of registers using Synchronous Load   ; 0     ;
; Number of registers using Asynchronous Clear ; 19    ;
; Number of registers using Asynchronous Load  ; 0     ;
; Number of registers using Clock Enable       ; 8     ;
; Number of registers using Preset             ; 0     ;
+----------------------------------------------+-------+


+---------------------------------------------------------------------------------+
; Parameter Settings for User Entity Instance: Top-level Entity: |integer_divider ;
+----------------+-------+--------------------------------------------------------+
; Parameter Name ; Value ; Type                                                   ;
+----------------+-------+--------------------------------------------------------+
; N              ; 4     ; Signed Integer                                         ;
+----------------+-------+--------------------------------------------------------+
Note: In order to hide this table in the UI and the text report file, please set the "Show Parameter Settings in Synthesis Report" option in "Analysis and Synthesis Settings -> More Settings" to "Off".


+--------------------------------------------------------+
; Parameter Settings for User Entity Instance: regn:RegA ;
+----------------+-------+-------------------------------+
; Parameter Name ; Value ; Type                          ;
+----------------+-------+-------------------------------+
; n              ; 4     ; Signed Integer                ;
+----------------+-------+-------------------------------+
Note: In order to hide this table in the UI and the text report file, please set the "Show Parameter Settings in Synthesis Report" option in "Analysis and Synthesis Settings -> More Settings" to "Off".


+--------------------------------------------------------+
; Parameter Settings for User Entity Instance: regn:RegB ;
+----------------+-------+-------------------------------+
; Parameter Name ; Value ; Type                          ;
+----------------+-------+-------------------------------+
; n              ; 4     ; Signed Integer                ;
+----------------+-------+-------------------------------+
Note: In order to hide this table in the UI and the text report file, please set the "Show Parameter Settings in Synthesis Report" option in "Analysis and Synthesis Settings -> More Settings" to "Off".


+--------------------------------------------------------+
; Parameter Settings for User Entity Instance: regn:RegR ;
+----------------+-------+-------------------------------+
; Parameter Name ; Value ; Type                          ;
+----------------+-------+-------------------------------+
; n              ; 4     ; Signed Integer                ;
+----------------+-------+-------------------------------+
Note: In order to hide this table in the UI and the text report file, please set the "Show Parameter Settings in Synthesis Report" option in "Analysis and Synthesis Settings -> More Settings" to "Off".


+--------------------------------------------------------+
; Parameter Settings for User Entity Instance: regn:RegQ ;
+----------------+-------+-------------------------------+
; Parameter Name ; Value ; Type                          ;
+----------------+-------+-------------------------------+
; n              ; 4     ; Signed Integer                ;
+----------------+-------+-------------------------------+
Note: In order to hide this table in the UI and the text report file, please set the "Show Parameter Settings in Synthesis Report" option in "Analysis and Synthesis Settings -> More Settings" to "Off".


+-------------------------------------------------------------+
; Parameter Settings for User Entity Instance: is_zero:IsZero ;
+----------------+-------+------------------------------------+
; Parameter Name ; Value ; Type                               ;
+----------------+-------+------------------------------------+
; n              ; 4     ; Signed Integer                     ;
+----------------+-------+------------------------------------+
Note: In order to hide this table in the UI and the text report file, please set the "Show Parameter Settings in Synthesis Report" option in "Analysis and Synthesis Settings -> More Settings" to "Off".


+------------------------------------------------------------+
; Parameter Settings for User Entity Instance: inverter:NotB ;
+----------------+-------+-----------------------------------+
; Parameter Name ; Value ; Type                              ;
+----------------+-------+-----------------------------------+
; n              ; 4     ; Signed Integer                    ;
+----------------+-------+-----------------------------------+
Note: In order to hide this table in the UI and the text report file, please set the "Show Parameter Settings in Synthesis Report" option in "Analysis and Synthesis Settings -> More Settings" to "Off".


+---------------------------------------------------------------+
; Parameter Settings for User Entity Instance: adder:Subtractor ;
+----------------+-------+--------------------------------------+
; Parameter Name ; Value ; Type                                 ;
+----------------+-------+--------------------------------------+
; n              ; 4     ; Signed Integer                       ;
+----------------+-------+--------------------------------------+
Note: In order to hide this table in the UI and the text report file, please set the "Show Parameter Settings in Synthesis Report" option in "Analysis and Synthesis Settings -> More Settings" to "Off".


+-----------------------------------------------------------------------------------------+
; Parameter Settings for User Entity Instance: adder:Subtractor|full_adder:\FA_array:0:FA ;
+----------------+------------+-----------------------------------------------------------+
; Parameter Name ; Value      ; Type                                                      ;
+----------------+------------+-----------------------------------------------------------+
; tpd_x_s        ; 1000000 fs ; Physical                                                  ;
; tpd_y_s        ; 1000000 fs ; Physical                                                  ;
; tpd_cin_s      ; 1000000 fs ; Physical                                                  ;
; tpd_x_cout     ; 1000000 fs ; Physical                                                  ;
; tpd_y_cout     ; 1000000 fs ; Physical                                                  ;
; tpd_cin_cout   ; 1000000 fs ; Physical                                                  ;
+----------------+------------+-----------------------------------------------------------+
Note: In order to hide this table in the UI and the text report file, please set the "Show Parameter Settings in Synthesis Report" option in "Analysis and Synthesis Settings -> More Settings" to "Off".


+-----------------------------------------------------------------------------------------+
; Parameter Settings for User Entity Instance: adder:Subtractor|full_adder:\FA_array:1:FA ;
+----------------+------------+-----------------------------------------------------------+
; Parameter Name ; Value      ; Type                                                      ;
+----------------+------------+-----------------------------------------------------------+
; tpd_x_s        ; 1000000 fs ; Physical                                                  ;
; tpd_y_s        ; 1000000 fs ; Physical                                                  ;
; tpd_cin_s      ; 1000000 fs ; Physical                                                  ;
; tpd_x_cout     ; 1000000 fs ; Physical                                                  ;
; tpd_y_cout     ; 1000000 fs ; Physical                                                  ;
; tpd_cin_cout   ; 1000000 fs ; Physical                                                  ;
+----------------+------------+-----------------------------------------------------------+
Note: In order to hide this table in the UI and the text report file, please set the "Show Parameter Settings in Synthesis Report" option in "Analysis and Synthesis Settings -> More Settings" to "Off".


+-----------------------------------------------------------------------------------------+
; Parameter Settings for User Entity Instance: adder:Subtractor|full_adder:\FA_array:2:FA ;
+----------------+------------+-----------------------------------------------------------+
; Parameter Name ; Value      ; Type                                                      ;
+----------------+------------+-----------------------------------------------------------+
; tpd_x_s        ; 1000000 fs ; Physical                                                  ;
; tpd_y_s        ; 1000000 fs ; Physical                                                  ;
; tpd_cin_s      ; 1000000 fs ; Physical                                                  ;
; tpd_x_cout     ; 1000000 fs ; Physical                                                  ;
; tpd_y_cout     ; 1000000 fs ; Physical                                                  ;
; tpd_cin_cout   ; 1000000 fs ; Physical                                                  ;
+----------------+------------+-----------------------------------------------------------+
Note: In order to hide this table in the UI and the text report file, please set the "Show Parameter Settings in Synthesis Report" option in "Analysis and Synthesis Settings -> More Settings" to "Off".


+-----------------------------------------------------------------------------------------+
; Parameter Settings for User Entity Instance: adder:Subtractor|full_adder:\FA_array:3:FA ;
+----------------+------------+-----------------------------------------------------------+
; Parameter Name ; Value      ; Type                                                      ;
+----------------+------------+-----------------------------------------------------------+
; tpd_x_s        ; 1000000 fs ; Physical                                                  ;
; tpd_y_s        ; 1000000 fs ; Physical                                                  ;
; tpd_cin_s      ; 1000000 fs ; Physical                                                  ;
; tpd_x_cout     ; 1000000 fs ; Physical                                                  ;
; tpd_y_cout     ; 1000000 fs ; Physical                                                  ;
; tpd_cin_cout   ; 1000000 fs ; Physical                                                  ;
+----------------+------------+-----------------------------------------------------------+
Note: In order to hide this table in the UI and the text report file, please set the "Show Parameter Settings in Synthesis Report" option in "Analysis and Synthesis Settings -> More Settings" to "Off".


+-----------------------------------------------------------+
; Parameter Settings for User Entity Instance: adder:QAdder ;
+----------------+-------+----------------------------------+
; Parameter Name ; Value ; Type                             ;
+----------------+-------+----------------------------------+
; n              ; 4     ; Signed Integer                   ;
+----------------+-------+----------------------------------+
Note: In order to hide this table in the UI and the text report file, please set the "Show Parameter Settings in Synthesis Report" option in "Analysis and Synthesis Settings -> More Settings" to "Off".


+-------------------------------------------------------------------------------------+
; Parameter Settings for User Entity Instance: adder:QAdder|full_adder:\FA_array:0:FA ;
+----------------+------------+-------------------------------------------------------+
; Parameter Name ; Value      ; Type                                                  ;
+----------------+------------+-------------------------------------------------------+
; tpd_x_s        ; 1000000 fs ; Physical                                              ;
; tpd_y_s        ; 1000000 fs ; Physical                                              ;
; tpd_cin_s      ; 1000000 fs ; Physical                                              ;
; tpd_x_cout     ; 1000000 fs ; Physical                                              ;
; tpd_y_cout     ; 1000000 fs ; Physical                                              ;
; tpd_cin_cout   ; 1000000 fs ; Physical                                              ;
+----------------+------------+-------------------------------------------------------+
Note: In order to hide this table in the UI and the text report file, please set the "Show Parameter Settings in Synthesis Report" option in "Analysis and Synthesis Settings -> More Settings" to "Off".


+-------------------------------------------------------------------------------------+
; Parameter Settings for User Entity Instance: adder:QAdder|full_adder:\FA_array:1:FA ;
+----------------+------------+-------------------------------------------------------+
; Parameter Name ; Value      ; Type                                                  ;
+----------------+------------+-------------------------------------------------------+
; tpd_x_s        ; 1000000 fs ; Physical                                              ;
; tpd_y_s        ; 1000000 fs ; Physical                                              ;
; tpd_cin_s      ; 1000000 fs ; Physical                                              ;
; tpd_x_cout     ; 1000000 fs ; Physical                                              ;
; tpd_y_cout     ; 1000000 fs ; Physical                                              ;
; tpd_cin_cout   ; 1000000 fs ; Physical                                              ;
+----------------+------------+-------------------------------------------------------+
Note: In order to hide this table in the UI and the text report file, please set the "Show Parameter Settings in Synthesis Report" option in "Analysis and Synthesis Settings -> More Settings" to "Off".


+-------------------------------------------------------------------------------------+
; Parameter Settings for User Entity Instance: adder:QAdder|full_adder:\FA_array:2:FA ;
+----------------+------------+-------------------------------------------------------+
; Parameter Name ; Value      ; Type                                                  ;
+----------------+------------+-------------------------------------------------------+
; tpd_x_s        ; 1000000 fs ; Physical                                              ;
; tpd_y_s        ; 1000000 fs ; Physical                                              ;
; tpd_cin_s      ; 1000000 fs ; Physical                                              ;
; tpd_x_cout     ; 1000000 fs ; Physical                                              ;
; tpd_y_cout     ; 1000000 fs ; Physical                                              ;
; tpd_cin_cout   ; 1000000 fs ; Physical                                              ;
+----------------+------------+-------------------------------------------------------+
Note: In order to hide this table in the UI and the text report file, please set the "Show Parameter Settings in Synthesis Report" option in "Analysis and Synthesis Settings -> More Settings" to "Off".


+-------------------------------------------------------------------------------------+
; Parameter Settings for User Entity Instance: adder:QAdder|full_adder:\FA_array:3:FA ;
+----------------+------------+-------------------------------------------------------+
; Parameter Name ; Value      ; Type                                                  ;
+----------------+------------+-------------------------------------------------------+
; tpd_x_s        ; 1000000 fs ; Physical                                              ;
; tpd_y_s        ; 1000000 fs ; Physical                                              ;
; tpd_cin_s      ; 1000000 fs ; Physical                                              ;
; tpd_x_cout     ; 1000000 fs ; Physical                                              ;
; tpd_y_cout     ; 1000000 fs ; Physical                                              ;
; tpd_cin_cout   ; 1000000 fs ; Physical                                              ;
+----------------+------------+-------------------------------------------------------+
Note: In order to hide this table in the UI and the text report file, please set the "Show Parameter Settings in Synthesis Report" option in "Analysis and Synthesis Settings -> More Settings" to "Off".


+-------------------------------------------------------+
; Parameter Settings for User Entity Instance: mux:RMux ;
+----------------+-------+------------------------------+
; Parameter Name ; Value ; Type                         ;
+----------------+-------+------------------------------+
; n              ; 4     ; Signed Integer               ;
+----------------+-------+------------------------------+
Note: In order to hide this table in the UI and the text report file, please set the "Show Parameter Settings in Synthesis Report" option in "Analysis and Synthesis Settings -> More Settings" to "Off".


+-------------------------------------------------------+
; Parameter Settings for User Entity Instance: mux:QMux ;
+----------------+-------+------------------------------+
; Parameter Name ; Value ; Type                         ;
+----------------+-------+------------------------------+
; n              ; 4     ; Signed Integer               ;
+----------------+-------+------------------------------+
Note: In order to hide this table in the UI and the text report file, please set the "Show Parameter Settings in Synthesis Report" option in "Analysis and Synthesis Settings -> More Settings" to "Off".


+----------------------------------------+
; Port Connectivity Checks: "mux:QMux"   ;
+------+-------+----------+--------------+
; Port ; Type  ; Severity ; Details      ;
+------+-------+----------+--------------+
; d0   ; Input ; Info     ; Stuck at GND ;
+------+-------+----------+--------------+


+-------------------------------------------------------------------------------------------------------------------+
; Port Connectivity Checks: "adder:QAdder"                                                                          ;
+---------+--------+----------+-------------------------------------------------------------------------------------+
; Port    ; Type   ; Severity ; Details                                                                             ;
+---------+--------+----------+-------------------------------------------------------------------------------------+
; cin     ; Input  ; Info     ; Stuck at GND                                                                        ;
; a[3..1] ; Input  ; Info     ; Stuck at GND                                                                        ;
; a[0]    ; Input  ; Info     ; Stuck at VCC                                                                        ;
; cout    ; Output ; Info     ; Connected to dangling logic. Logic that only feeds a dangling port will be removed. ;
+---------+--------+----------+-------------------------------------------------------------------------------------+


+----------------------------------------------+
; Port Connectivity Checks: "adder:Subtractor" ;
+------+-------+----------+--------------------+
; Port ; Type  ; Severity ; Details            ;
+------+-------+----------+--------------------+
; cin  ; Input ; Info     ; Stuck at VCC       ;
+------+-------+----------+--------------------+


+----------------------------------------+
; Port Connectivity Checks: "regn:RegB"  ;
+------+-------+----------+--------------+
; Port ; Type  ; Severity ; Details      ;
+------+-------+----------+--------------+
; e    ; Input ; Info     ; Stuck at VCC ;
+------+-------+----------+--------------+


+----------------------------------------+
; Port Connectivity Checks: "regn:RegA"  ;
+------+-------+----------+--------------+
; Port ; Type  ; Severity ; Details      ;
+------+-------+----------+--------------+
; e    ; Input ; Info     ; Stuck at VCC ;
+------+-------+----------+--------------+


+-------------------------------+
; Elapsed Time Per Partition    ;
+----------------+--------------+
; Partition Name ; Elapsed Time ;
+----------------+--------------+
; Top            ; 00:00:00     ;
+----------------+--------------+


+--------------------------------+
; Analysis & Synthesis Equations ;
+--------------------------------+
The equations can be found in C:/altera/13.0sp1/integer_divider/output_files/integer_divider.map.eqn.


+-------------------------------+
; Analysis & Synthesis Messages ;
+-------------------------------+
Info: *******************************************************************
Info: Running Quartus II 64-Bit Analysis & Synthesis
    Info: Version 13.0.1 Build 232 06/12/2013 Service Pack 1 SJ Web Edition
    Info: Processing started: Sat May 10 19:48:41 2025
Info: Command: quartus_map --read_settings_files=on --write_settings_files=off integer_divider -c integer_divider
Warning (20028): Parallel compilation is not licensed and has been disabled
Info (12021): Found 1 design units, including 0 entities, in source file project_components.vhd
    Info (12022): Found design unit 1: project_components
Info (12021): Found 2 design units, including 1 entities, in source file integer_divider.vhd
    Info (12022): Found design unit 1: integer_divider-Behavior
    Info (12023): Found entity 1: integer_divider
Info (12021): Found 2 design units, including 1 entities, in source file integer_divider_tb.vhd
    Info (12022): Found design unit 1: integer_divider_tb-Behavior
    Info (12023): Found entity 1: integer_divider_tb
Info (12021): Found 2 design units, including 1 entities, in source file components/adder.vhd
    Info (12022): Found design unit 1: adder-Behavior
    Info (12023): Found entity 1: adder
Info (12021): Found 2 design units, including 1 entities, in source file components/inverter.vhd
    Info (12022): Found design unit 1: inverter-Behavior
    Info (12023): Found entity 1: inverter
Info (12021): Found 2 design units, including 1 entities, in source file components/is_zero.vhd
    Info (12022): Found design unit 1: is_zero-Behavior
    Info (12023): Found entity 1: is_zero
Warning (12090): Entity "mux" obtained from "components/mux.vhd" instead of from Quartus II megafunction library
Info (12021): Found 2 design units, including 1 entities, in source file components/mux.vhd
    Info (12022): Found design unit 1: mux-Behavior
    Info (12023): Found entity 1: mux
Info (12021): Found 2 design units, including 1 entities, in source file components/register.vhd
    Info (12022): Found design unit 1: regn-Behavior
    Info (12023): Found entity 1: regn
Info (12021): Found 5 design units, including 1 entities, in source file components/full_adder.vhd
    Info (12022): Found design unit 1: full_adder-LogicFunc
    Info (12022): Found design unit 2: full_adder-HalfAdders
    Info (12022): Found design unit 3: full_adder-Optimized
    Info (12022): Found design unit 4: full_adder-Numeric
    Info (12023): Found entity 1: full_adder
Info (12127): Elaborating entity "integer_divider" for the top level hierarchy
Warning (10036): Verilog HDL or VHDL warning at integer_divider.vhd(39): object "Cout" assigned a value but never read
Warning (10631): VHDL Process Statement warning at integer_divider.vhd(76): inferring latch(es) for signal or variable "Err", which holds its previous value in one or more paths through the process
Warning (10631): VHDL Process Statement warning at integer_divider.vhd(76): inferring latch(es) for signal or variable "ER", which holds its previous value in one or more paths through the process
Warning (10631): VHDL Process Statement warning at integer_divider.vhd(76): inferring latch(es) for signal or variable "EQ", which holds its previous value in one or more paths through the process
Info (10041): Inferred latch for "EQ" at integer_divider.vhd(76)
Info (10041): Inferred latch for "ER" at integer_divider.vhd(76)
Info (10041): Inferred latch for "Err" at integer_divider.vhd(76)
Info (12128): Elaborating entity "regn" for hierarchy "regn:RegA"
Info (12128): Elaborating entity "is_zero" for hierarchy "is_zero:IsZero"
Info (12128): Elaborating entity "inverter" for hierarchy "inverter:NotB"
Info (12128): Elaborating entity "adder" for hierarchy "adder:Subtractor"
Info (12128): Elaborating entity "full_adder" for hierarchy "adder:Subtractor|full_adder:\FA_array:0:FA"
Info (12128): Elaborating entity "mux" for hierarchy "mux:RMux"
Info (13025): Duplicate LATCH primitives merged into single LATCH primitive
    Info (13026): Duplicate LATCH primitive "EQ" merged with LATCH primitive "ER"
Warning (13012): Latch ER has unsafe behavior
    Warning (13013): Ports D and ENA on the latch are fed by the same signal y.S1
Info (286030): Timing-Driven Synthesis is running
Info (16010): Generating hard_block partition "hard_block:auto_generated_inst"
    Info (16011): Adding 0 node(s), including 0 DDIO, 0 PLL, 0 transceiver and 0 LCELL
Info (21057): Implemented 56 device resources after synthesis - the final resource count might be different
    Info (21058): Implemented 11 input pins
    Info (21059): Implemented 10 output pins
    Info (21061): Implemented 35 logic cells
Info: Quartus II 64-Bit Analysis & Synthesis was successful. 0 errors, 8 warnings
    Info: Peak virtual memory: 4688 megabytes
    Info: Processing ended: Sat May 10 19:48:42 2025
    Info: Elapsed time: 00:00:01
    Info: Total CPU time (on all processors): 00:00:01


